Determining if the pthread_create exist failed with the following output:
Change Dir: /home/andkgl/wspace/catkin_ws/src/RMUASD-Drone-Deconflict/build/CMakeFiles/CMakeTmp

Run Build Command:"/usr/bin/make" "cmTC_bedd3/fast"
/usr/bin/make -f CMakeFiles/cmTC_bedd3.dir/build.make CMakeFiles/cmTC_bedd3.dir/build
make[1]: Entering directory '/home/andkgl/wspace/catkin_ws/src/RMUASD-Drone-Deconflict/build/CMakeFiles/CMakeTmp'
Building C object CMakeFiles/cmTC_bedd3.dir/CheckSymbolExists.c.o
/usr/bin/gcc     -o CMakeFiles/cmTC_bedd3.dir/CheckSymbolExists.c.o   -c /home/andkgl/wspace/catkin_ws/src/RMUASD-Drone-Deconflict/build/CMakeFiles/CMakeTmp/CheckSymbolExists.c
Linking C executable cmTC_bedd3
/usr/bin/cmake -E cmake_link_script CMakeFiles/cmTC_bedd3.dir/link.txt --verbose=1
/usr/bin/gcc       CMakeFiles/cmTC_bedd3.dir/CheckSymbolExists.c.o  -o cmTC_bedd3 -rdynamic 
CMakeFiles/cmTC_bedd3.dir/CheckSymbolExists.c.o: In function `main':
CheckSymbolExists.c:(.text+0x16): undefined reference to `pthread_create'
collect2: error: ld returned 1 exit status
CMakeFiles/cmTC_bedd3.dir/build.make:97: recipe for target 'cmTC_bedd3' failed
make[1]: *** [cmTC_bedd3] Error 1
make[1]: Leaving directory '/home/andkgl/wspace/catkin_ws/src/RMUASD-Drone-Deconflict/build/CMakeFiles/CMakeTmp'
Makefile:126: recipe for target 'cmTC_bedd3/fast' failed
make: *** [cmTC_bedd3/fast] Error 2

File /home/andkgl/wspace/catkin_ws/src/RMUASD-Drone-Deconflict/build/CMakeFiles/CMakeTmp/CheckSymbolExists.c:
/* */
#include <pthread.h>

int main(int argc, char** argv)
{
  (void)argv;
#ifndef pthread_create
  return ((int*)(&pthread_create))[argc];
#else
  (void)argc;
  return 0;
#endif
}

Determining if the function pthread_create exists in the pthreads failed with the following output:
Change Dir: /home/andkgl/wspace/catkin_ws/src/RMUASD-Drone-Deconflict/build/CMakeFiles/CMakeTmp

Run Build Command:"/usr/bin/make" "cmTC_d9313/fast"
/usr/bin/make -f CMakeFiles/cmTC_d9313.dir/build.make CMakeFiles/cmTC_d9313.dir/build
make[1]: Entering directory '/home/andkgl/wspace/catkin_ws/src/RMUASD-Drone-Deconflict/build/CMakeFiles/CMakeTmp'
Building C object CMakeFiles/cmTC_d9313.dir/CheckFunctionExists.c.o
/usr/bin/gcc    -DCHECK_FUNCTION_EXISTS=pthread_create   -o CMakeFiles/cmTC_d9313.dir/CheckFunctionExists.c.o   -c /usr/share/cmake-3.5/Modules/CheckFunctionExists.c
Linking C executable cmTC_d9313
/usr/bin/cmake -E cmake_link_script CMakeFiles/cmTC_d9313.dir/link.txt --verbose=1
/usr/bin/gcc   -DCHECK_FUNCTION_EXISTS=pthread_create    CMakeFiles/cmTC_d9313.dir/CheckFunctionExists.c.o  -o cmTC_d9313 -rdynamic -lpthreads 
/usr/bin/ld: cannot find -lpthreads
collect2: error: ld returned 1 exit status
CMakeFiles/cmTC_d9313.dir/build.make:97: recipe for target 'cmTC_d9313' failed
make[1]: *** [cmTC_d9313] Error 1
make[1]: Leaving directory '/home/andkgl/wspace/catkin_ws/src/RMUASD-Drone-Deconflict/build/CMakeFiles/CMakeTmp'
Makefile:126: recipe for target 'cmTC_d9313/fast' failed
make: *** [cmTC_d9313/fast] Error 2


Determining if the pthread_create exist failed with the following output:
Change Dir: /home/andkgl/wspace/catkin_ws/src/RMUASD-Drone-Deconflict/build/CMakeFiles/CMakeTmp

Run Build Command:"/usr/bin/make" "cmTC_5bec7/fast"
/usr/bin/make -f CMakeFiles/cmTC_5bec7.dir/build.make CMakeFiles/cmTC_5bec7.dir/build
make[1]: Entering directory '/home/andkgl/wspace/catkin_ws/src/RMUASD-Drone-Deconflict/build/CMakeFiles/CMakeTmp'
Building C object CMakeFiles/cmTC_5bec7.dir/CheckSymbolExists.c.o
/usr/bin/gcc     -o CMakeFiles/cmTC_5bec7.dir/CheckSymbolExists.c.o   -c /home/andkgl/wspace/catkin_ws/src/RMUASD-Drone-Deconflict/build/CMakeFiles/CMakeTmp/CheckSymbolExists.c
Linking C executable cmTC_5bec7
/usr/bin/cmake -E cmake_link_script CMakeFiles/cmTC_5bec7.dir/link.txt --verbose=1
/usr/bin/gcc       CMakeFiles/cmTC_5bec7.dir/CheckSymbolExists.c.o  -o cmTC_5bec7 -rdynamic 
CMakeFiles/cmTC_5bec7.dir/CheckSymbolExists.c.o: In function `main':
CheckSymbolExists.c:(.text+0x16): undefined reference to `pthread_create'
collect2: error: ld returned 1 exit status
CMakeFiles/cmTC_5bec7.dir/build.make:97: recipe for target 'cmTC_5bec7' failed
make[1]: *** [cmTC_5bec7] Error 1
make[1]: Leaving directory '/home/andkgl/wspace/catkin_ws/src/RMUASD-Drone-Deconflict/build/CMakeFiles/CMakeTmp'
Makefile:126: recipe for target 'cmTC_5bec7/fast' failed
make: *** [cmTC_5bec7/fast] Error 2

File /home/andkgl/wspace/catkin_ws/src/RMUASD-Drone-Deconflict/build/CMakeFiles/CMakeTmp/CheckSymbolExists.c:
/* */
#include <pthread.h>

int main(int argc, char** argv)
{
  (void)argv;
#ifndef pthread_create
  return ((int*)(&pthread_create))[argc];
#else
  (void)argc;
  return 0;
#endif
}

Determining if the function pthread_create exists in the pthreads failed with the following output:
Change Dir: /home/andkgl/wspace/catkin_ws/src/RMUASD-Drone-Deconflict/build/CMakeFiles/CMakeTmp

Run Build Command:"/usr/bin/make" "cmTC_72485/fast"
/usr/bin/make -f CMakeFiles/cmTC_72485.dir/build.make CMakeFiles/cmTC_72485.dir/build
make[1]: Entering directory '/home/andkgl/wspace/catkin_ws/src/RMUASD-Drone-Deconflict/build/CMakeFiles/CMakeTmp'
Building C object CMakeFiles/cmTC_72485.dir/CheckFunctionExists.c.o
/usr/bin/gcc    -DCHECK_FUNCTION_EXISTS=pthread_create   -o CMakeFiles/cmTC_72485.dir/CheckFunctionExists.c.o   -c /usr/share/cmake-3.5/Modules/CheckFunctionExists.c
Linking C executable cmTC_72485
/usr/bin/cmake -E cmake_link_script CMakeFiles/cmTC_72485.dir/link.txt --verbose=1
/usr/bin/gcc   -DCHECK_FUNCTION_EXISTS=pthread_create    CMakeFiles/cmTC_72485.dir/CheckFunctionExists.c.o  -o cmTC_72485 -rdynamic -lpthreads 
/usr/bin/ld: cannot find -lpthreads
collect2: error: ld returned 1 exit status
CMakeFiles/cmTC_72485.dir/build.make:97: recipe for target 'cmTC_72485' failed
make[1]: *** [cmTC_72485] Error 1
make[1]: Leaving directory '/home/andkgl/wspace/catkin_ws/src/RMUASD-Drone-Deconflict/build/CMakeFiles/CMakeTmp'
Makefile:126: recipe for target 'cmTC_72485/fast' failed
make: *** [cmTC_72485/fast] Error 2


